<?xml version="1.0" encoding="UTF-8"?>
<!-- Generated by org.testng.reporters.JUnitReportReporter -->
<testsuite hostname="L-GUNESH-ILB" name="test.TestClass" tests="1" failures="0" timestamp="6 Apr 2017 11:37:55 GMT" time="0.454" errors="0">
  <testcase name="testLogin" time="0.454" classname="test.TestClass"/>
</testsuite> <!-- test.TestClass -->
